------------------------------------------------
Total value: 1651949
Total cost: 1330949

0  4701 3701
1  1001 1
2  7119 6119
3  2896 1896
4  8187 7187
5  8367 7367
6  1997 997
7  8690 7690
8  2022 1022
9  8613 7613
11  7874 6874
12  6522 5522
13  9122 8122
15  4486 3486
16  1705 705
20  4554 3554
23  6325 5325
25  5000 4000
27  6776 5776
28  5276 4276
31  8356 7356
34  6798 5798
41  6247 5247
42  8650 7650
47  3627 2627
48  2725 1725
51  5776 4776
52  7137 6137
55  1937 937
56  8718 7718
57  3101 2101
58  4099 3099
63  4530 3530
64  7097 6097
69  4768 3768
70  3241 2241
75  2881 1881
83  9157 8157
85  5824 4824
86  4391 3391
95  3371 2371
96  6867 5867
97  2337 1337
98  3054 2054
103  6594 5594
105  8226 7226
112  2227 1227
113  8112 7112
114  5082 4082
115  3959 2959
116  1296 296
117  1392 392
118  6802 5802
127  1922 922
130  8551 7551
140  3631 2631
141  5636 4636
142  6752 5752
151  1588 588
158  4179 3179
167  2590 1590
168  5239 4239
171  2823 1823
173  8173 7173
174  2923 1923
180  1046 46
184  3116 2116
191  7466 6466
192  3341 2341
194  4545 3545
195  1784 784
196  9052 8052
197  8862 7862
198  3810 2810
199  7223 6223
200  3260 2260
201  6541 5541
202  6197 5197
203  7061 6061
204  4213 3213
205  2416 1416
207  9062 8062
208  8062 7062
209  7205 6205
211  7152 6152
212  1269 269
214  9160 8160
215  1267 267
217  6249 5249
218  1174 174
219  9187 8187
220  2700 1700
221  7174 6174
222  1114 114
223  5939 4939
225  5519 4519
226  6905 5905
227  1056 56
229  6381 5381
230  2369 1369
231  6551 5551
232  6525 5525
233  2128 1128
234  4987 3987
235  7812 6812
236  3660 2660
237  2753 1753
238  9149 8149
240  4764 3764
241  3684 2684
243  7830 6830
244  5905 4905
246  8030 7030
247  6330 5330
248  1384 384
249  3115 2115
250  7981 6981
251  6038 5038
252  6483 5483
253  5445 4445
254  5176 4176
255  2619 1619
256  1570 570
262  5567 4567
263  6306 5306
264  7646 6646
267  7800 6800
268  4893 3893
269  6612 5612
270  5723 4723
272  2771 1771
274  8329 7329
276  7279 6279
278  3253 2253
279  5126 4126
280  4262 3262
281  4603 3603
282  5802 4802
284  7861 6861
285  6209 5209
286  9127 8127
288  8131 7131
289  8308 7308
291  7677 6677
292  6290 5290
293  3863 2863
294  1296 296
295  5292 4292
296  1172 172
297  3444 2444
298  1158 158
299  8295 7295
300  5241 4241
301  8413 7413
304  1958 958
306  1694 694
307  5981 4981
308  8594 7594
309  4797 3797
310  8145 7145
311  2507 1507
312  1819 819
313  2715 1715
314  6672 5672
315  2512 1512
316  1638 638
317  8892 7892
319  3076 2076
320  4915 3915
321  5022 4022
322  4879 3879
324  6014 5014
325  1866 866
326  1975 975
327  2074 1074
328  7185 6185
329  6508 5508
331  6243 5243
332  3511 2511
333  7776 6776
334  1767 767
335  1326 326
336  5579 4579
337  6694 5694
338  2496 1496
339  2662 1662
340  9119 8119
341  4017 3017
342  1829 829
343  6654 5654
344  4858 3858
345  2129 1129
346  2547 1547
348  5801 4801
351  9182 8182
352  1269 269
353  7554 6554
354  5113 4113
355  1421 421
356  4293 3293
357  7685 6685
358  8410 7410
359  7470 6470
361  5077 4077
363  1264 264
365  4624 3624
366  9117 8117
367  7961 6961
368  7045 6045
369  7055 6055
370  3042 2042
371  6254 5254
372  3722 2722
373  1880 880
376  9110 8110
377  7809 6809
378  5800 4800
379  6680 5680
380  1618 618
382  5129 4129
383  7062 6062
385  1573 573
386  2692 1692
387  4568 3568
389  5037 4037
390  7035 6035
394  6108 5108
395  6211 5211
396  5411 4411
397  2067 1067
398  5426 4426
400  6104 5104
401  1568 568
402  1208 208
404  1542 542
405  7814 6814
406  4248 3248
407  3514 2514
408  1237 237
409  7326 6326
411  5041 4041
412  4678 3678
414  2392 1392
415  6192 5192
417  8059 7059
418  8422 7422
421  4678 3678
422  3327 2327
424  2097 1097
425  6596 5596
426  5378 4378
427  8400 7400
429  4411 3411
430  4124 3124
432  8376 7376
433  3535 2535
434  4167 3167
435  3082 2082
436  4680 3680
437  8399 7399
438  7679 6679
439  4412 3412
440  4330 3330
441  8636 7636
442  8613 7613
443  7983 6983
444  2345 1345
445  8360 7360
446  7181 6181
447  9120 8120
450  5698 4698
451  2808 1808
452  8312 7312
453  4004 3004
454  2122 1122
455  3391 2391
456  7158 6158
458  3476 2476
460  7873 6873
461  2958 1958
462  2477 1477
463  7209 6209
464  6857 5857
465  4717 3717
466  7681 6681
467  8359 7359
468  4003 3003
470  9167 8167
471  3419 2419
473  3504 2504
474  4134 3134
475  1588 588
476  9198 8198
477  6719 5719
478  4219 3219
480  1151 151
481  3341 2341
482  6717 5717
483  8965 7965
484  2181 1181
486  5039 4039
487  6456 5456
488  7191 6191
489  5760 4760
491  8135 7135
493  1390 390
496  2319 1319
497  2496 1496
498  7516 6516
499  6001 5001
500  4156 3156
501  7906 6906
502  2011 1011
503  8171 7171
504  1526 526
505  5437 4437
506  1335 335
508  8074 7074
509  2142 1142
510  6968 5968
511  3876 2876

