------------------------------------------------
Total value: 3083537
Total cost: 2581537

1  1001 1
5  8367 7367
6  1997 997
7  8690 7690
8  2022 1022
10  9347 8347
11  7874 6874
12  6522 5522
13  9122 8122
14  9730 8730
15  4486 3486
17  10823 9823
21  5589 4589
25  5000 4000
26  10407 9407
27  6776 5776
29  3123 2123
30  8331 7331
32  9361 8361
33  9305 8305
35  7047 6047
37  10645 9645
41  6247 5247
42  8650 7650
45  9100 8100
46  6838 5838
52  7137 6137
55  1937 937
57  3101 2101
58  4099 3099
63  4530 3530
64  7097 6097
65  10240 9240
67  7248 6248
70  3241 2241
71  7031 6031
72  6584 5584
73  8613 7613
74  2348 1348
81  10410 9410
83  9157 8157
84  9250 8250
86  4391 3391
87  9242 8242
88  7101 6101
90  4636 3636
91  10722 9722
94  9652 8652
95  3371 2371
96  6867 5867
97  2337 1337
99  9885 8885
103  6594 5594
104  10129 9129
105  8226 7226
106  9597 8597
107  6226 5226
110  4201 3201
112  2227 1227
113  8112 7112
116  1296 296
117  1392 392
120  4537 3537
121  2940 1940
122  3943 2943
123  8943 7943
124  3997 2997
134  10400 9400
135  10937 9937
137  4754 3754
140  3631 2631
141  5636 4636
147  10141 9141
148  10576 9576
150  7550 6550
153  9006 8006
154  7702 6702
155  6155 5155
156  3020 2020
157  3723 2723
159  5723 4723
162  3095 2095
165  8487 7487
171  2823 1823
173  8173 7173
174  2923 1923
176  6261 5261
177  5977 4977
179  10681 9681
181  7689 6689
182  7438 6438
185  9809 8809
186  7503 6503
189  6686 5686
190  7194 6194
192  3341 2341
193  9356 8356
194  4545 3545
197  8862 7862
200  3260 2260
201  6541 5541
202  6197 5197
203  7061 6061
207  9062 8062
208  8062 7062
211  7152 6152
212  1269 269
214  9160 8160
216  10747 9747
217  6249 5249
219  9187 8187
221  7174 6174
225  5519 4519
231  6551 5551
232  6525 5525
233  2128 1128
234  4987 3987
235  7812 6812
236  3660 2660
237  2753 1753
238  9149 8149
239  9544 8544
240  4764 3764
241  3684 2684
244  5905 4905
248  1384 384
251  6038 5038
254  5176 4176
256  1570 570
257  9648 8648
258  7891 6891
259  4896 3896
261  9658 8658
263  6306 5306
264  7646 6646
265  10806 9806
266  10229 9229
270  5723 4723
271  10354 9354
272  2771 1771
275  10174 9174
278  3253 2253
279  5126 4126
280  4262 3262
281  4603 3603
283  10665 9665
284  7861 6861
286  9127 8127
288  8131 7131
290  9460 8460
291  7677 6677
294  1296 296
295  5292 4292
296  1172 172
298  1158 158
301  8413 7413
302  10301 9301
303  10072 9072
304  1958 958
305  10321 9321
307  5981 4981
311  2507 1507
312  1819 819
315  2512 1512
317  8892 7892
318  9645 8645
321  5022 4022
322  4879 3879
324  6014 5014
326  1975 975
332  3511 2511
336  5579 4579
338  2496 1496
339  2662 1662
341  4017 3017
346  2547 1547
352  1269 269
357  7685 6685
358  8410 7410
359  7470 6470
360  9850 8850
361  5077 4077
362  10237 9237
363  1264 264
364  10552 9552
365  4624 3624
366  9117 8117
367  7961 6961
369  7055 6055
373  1880 880
376  9110 8110
377  7809 6809
378  5800 4800
379  6680 5680
381  9554 8554
382  5129 4129
383  7062 6062
384  9887 8887
385  1573 573
389  5037 4037
390  7035 6035
394  6108 5108
398  5426 4426
400  6104 5104
401  1568 568
405  7814 6814
409  7326 6326
410  9922 8922
412  4678 3678
413  9909 8909
419  10352 9352
420  6582 5582
421  4678 3678
422  3327 2327
423  9885 8885
426  5378 4378
436  4680 3680
443  7983 6983
444  2345 1345
446  7181 6181
447  9120 8120
451  2808 1808
452  8312 7312
453  4004 3004
454  2122 1122
455  3391 2391
456  7158 6158
458  3476 2476
460  7873 6873
461  2958 1958
463  7209 6209
466  7681 6681
467  8359 7359
470  9167 8167
472  9337 8337
474  4134 3134
475  1588 588
477  6719 5719
479  9323 8323
480  1151 151
481  3341 2341
485  10859 9859
489  5760 4760
491  8135 7135
492  9293 8293
495  10780 9780
497  2496 1496
500  4156 3156
502  2011 1011
503  8171 7171
508  8074 7074
509  2142 1142
510  6968 5968
514  4409 3409
516  10722 9722
517  4319 3319
519  8780 7780
523  3033 2033
529  8907 7907
530  9116 8116
531  1551 551
532  9334 8334
534  9400 8400
535  9969 8969
537  8679 7679
538  8255 7255
541  10168 9168
544  4150 3150
545  7048 6048
546  9100 8100
549  2260 1260
551  8112 7112
556  8386 7386
557  1240 240
558  4791 3791
559  9375 8375
563  3299 2299
565  5969 4969
568  6426 5426
569  6435 5435
571  4648 3648
573  6515 5515
575  4351 3351
577  6582 5582
579  4032 3032
586  5962 4962
587  8766 7766
588  5620 4620
591  3494 2494
593  7147 6147
599  10219 9219
601  10837 9837
602  6892 5892
605  9441 8441
610  1781 781
613  7616 6616
614  1985 985
619  9897 8897
622  6819 5819
624  5353 4353
625  4888 3888
630  3981 2981
632  6742 5742
635  3067 2067
636  1978 978
639  7556 6556
641  5716 4716
644  3713 2713
645  7471 6471
646  5080 4080
647  3517 2517
648  6479 5479
649  6105 5105
651  6153 5153
652  6088 5088
653  6140 5140
654  2182 1182
655  6886 5886
656  8645 7645
657  3692 2692
658  7764 6764
659  10319 9319
660  9950 8950
662  2421 1421
663  9642 8642
664  7141 6141
665  8696 7696
674  7015 6015
675  4132 3132
676  1992 992
680  10188 9188
682  2089 1089
686  5934 4934
687  5126 4126
688  6333 5333
692  5532 4532
693  1696 696
694  8434 7434
702  10290 9290
706  7638 6638
707  8546 7546
709  9317 8317
710  4324 3324
711  9313 8313
714  8181 7181
717  8917 7917
718  7501 6501
719  2806 1806
720  8950 7950
721  6912 5912
725  7168 6168
728  2121 1121
729  3392 2392
730  2584 1584
732  6418 5418
738  3906 2906
740  10352 9352
741  4131 3131
742  7279 6279
743  3699 2699
744  9588 8588
746  7951 6951
748  7599 6599
750  1752 752
751  3371 2371
752  6740 5740
753  9574 8574
754  8767 7767
755  1495 495
756  9848 8848
760  10662 9662
761  1352 352
764  3858 2858
765  2176 1176
767  10935 9935
768  7467 6467
770  1025 25
772  5593 4593
777  1478 478
782  6179 5179
783  7991 6991
784  6428 5428
786  5857 4857
789  8123 7123
790  6206 5206
791  2086 1086
793  1070 70
795  10186 9186
799  6163 5163
801  4119 3119
803  6774 5774
804  4246 3246
807  9661 8661
808  7115 6115
810  2163 1163
811  1741 741
814  1458 458
816  2160 1160
819  4131 3131
820  7370 6370
821  8047 7047
822  4918 3918
823  4574 3574
824  6955 5955
825  10229 9229
827  5275 4275
828  7366 6366
830  9176 8176
832  4588 3588
833  7320 6320
834  1462 462
836  1562 562
837  8699 7699
838  5643 4643
841  2458 1458
844  7155 6155
845  2286 1286
848  3141 2141
849  2907 1907
853  5185 4185
854  6775 5775
855  5843 4843
857  1794 794
858  10872 9872
859  9524 8524
860  4433 3433
862  4916 3916
864  1888 888
865  1491 491
869  9893 8893
874  3684 2684
876  7917 6917
877  2638 1638
883  2506 1506
884  9763 8763
885  6615 5615
887  9065 8065
889  4920 3920
890  7185 6185
891  10968 9968
892  6659 5659
894  4877 3877
896  1834 834
897  1052 52
900  2201 1201
901  10491 9491
903  4263 3263
904  6572 5572
905  3723 2723
906  7623 6623
907  1993 993
908  7680 6680
910  5228 4228
911  10859 9859
916  9688 8688
917  9156 8156
918  6228 5228
922  3935 2935
924  5472 4472
925  7080 6080
929  6984 5984
931  7427 6427
933  4675 3675
934  9240 8240
935  1336 336
939  8672 7672
942  6226 5226
943  7052 6052
945  8487 7487
946  8037 7037
947  5355 4355
950  5783 4783
951  5736 4736
952  2572 1572
953  2256 1256
954  6087 5087
957  2153 1153
961  3786 2786
965  10975 9975
968  3904 2904
973  5654 4654
974  7536 6536
979  10770 9770
981  2162 1162
983  4090 3090
985  7754 6754
986  6300 5300
990  2389 1389
991  1928 928
992  1547 547
993  3015 2015
994  5546 4546
995  8637 7637
997  7493 6493
998  10130 9130
999  1208 208
1001  2078 1078
1002  1357 357
1006  4729 3729
1007  5219 4219
1009  9781 8781
1019  1534 534

