------------------------------------------------
Total value: 38420
Total cost: 31620

5  467 367
6  1097 997
7  790 690
9  713 613
10  447 347
11  974 874
12  622 522
13  222 122
14  830 730
15  586 486
17  923 823
21  689 589
25  1100 1000
26  507 407
27  876 776
29  223 123
30  431 331
32  461 361
33  405 305
35  147 47
37  745 645
41  347 247
42  750 650
45  200 100
46  938 838
52  237 137
55  1037 937
57  201 101
58  199 99
63  630 530
64  197 97
65  340 240
67  348 248
70  341 241
71  131 31
72  684 584
73  713 613
74  448 348
81  510 410
83  257 157
84  350 250
86  491 391
87  342 242
88  201 101
90  736 636
91  822 722
94  752 652
95  471 371
96  967 867
97  437 337
98  154 54
99  985 885
102  1089 989
103  694 594
104  229 129
105  326 226
106  697 597
107  326 226
110  301 201
112  327 227
113  212 112
116  396 296
117  492 392
120  637 537
121  1040 940
122  1043 943
123  1043 943
124  1097 997

