------------------------------------------------
Total value: 75305
Total cost: 62405

5  467 367
6  1097 997
7  790 690
8  122 22
9  713 613
10  447 347
11  974 874
12  622 522
14  830 730
15  586 486
17  923 823
21  689 589
25  1100 1000
26  507 407
27  876 776
29  223 123
30  431 331
32  461 361
33  405 305
35  147 47
37  745 645
41  347 247
42  750 650
45  200 100
46  938 838
52  237 137
54  1077 977
55  1037 937
57  201 101
58  199 99
63  630 530
64  197 97
65  340 240
67  348 248
70  341 241
71  131 31
72  684 584
73  713 613
74  448 348
81  510 410
83  257 157
84  350 250
86  491 391
87  342 242
88  201 101
90  736 636
91  822 722
94  752 652
95  471 371
96  967 867
97  437 337
99  985 885
102  1089 989
103  694 594
104  229 129
105  326 226
106  697 597
107  326 226
110  301 201
112  327 227
113  212 112
116  396 296
117  492 392
120  637 537
121  1040 940
122  1043 943
123  1043 943
124  1097 997
134  500 400
135  1037 937
137  854 754
140  731 631
141  736 636
144  610 510
147  241 141
148  676 576
150  650 550
154  802 702
155  255 155
157  823 723
159  823 723
162  195 95
165  587 487
171  923 823
173  273 173
174  1023 923
176  361 261
177  1077 977
179  781 681
181  789 689
182  538 438
185  909 809
186  603 503
189  786 686
190  294 194
192  441 341
193  456 356
194  645 545
197  962 862
200  360 260
201  641 541
202  297 197
203  161 61
207  162 62
208  162 62
211  252 152
212  369 269
214  260 160
216  847 747
217  349 249
219  287 187
221  274 174
225  619 519
231  651 551
232  625 525
233  228 128
234  1087 987
235  912 812
236  760 660
237  853 753
238  249 149
239  644 544
240  864 764
241  784 684
244  1005 905
248  484 384
250  1081 981
251  138 38
254  276 176

