------------------------------------------------
Total value: 1577949
Total cost: 1330949

1  1001 1
6  1997 997
7  8690 7690
8  2022 1022
9  8613 7613
10  9347 8347
11  7874 6874
12  6522 5522
13  9122 8122
14  9730 8730
15  4486 3486
17  10823 9823
21  5589 4589
25  5000 4000
26  10407 9407
27  6776 5776
29  3123 2123
30  8331 7331
32  9361 8361
33  9305 8305
35  7047 6047
37  10645 9645
41  6247 5247
42  8650 7650
45  9100 8100
46  6838 5838
52  7137 6137
55  1937 937
57  3101 2101
58  4099 3099
61  8751 7751
63  4530 3530
64  7097 6097
65  10240 9240
67  7248 6248
70  3241 2241
71  7031 6031
72  6584 5584
73  8613 7613
74  2348 1348
81  10410 9410
83  9157 8157
84  9250 8250
86  4391 3391
87  9242 8242
88  7101 6101
90  4636 3636
91  10722 9722
94  9652 8652
95  3371 2371
96  6867 5867
97  2337 1337
99  9885 8885
103  6594 5594
104  10129 9129
105  8226 7226
106  9597 8597
107  6226 5226
110  4201 3201
112  2227 1227
113  8112 7112
116  1296 296
117  1392 392
120  4537 3537
121  2940 1940
122  3943 2943
123  8943 7943
124  3997 2997
134  10400 9400
135  10937 9937
137  4754 3754
140  3631 2631
141  5636 4636
147  10141 9141
148  10576 9576
150  7550 6550
153  9006 8006
154  7702 6702
155  6155 5155
156  3020 2020
157  3723 2723
159  5723 4723
162  3095 2095
165  8487 7487
171  2823 1823
173  8173 7173
174  2923 1923
176  6261 5261
177  5977 4977
179  10681 9681
181  7689 6689
182  7438 6438
185  9809 8809
186  7503 6503
189  6686 5686
190  7194 6194
192  3341 2341
193  9356 8356
194  4545 3545
197  8862 7862
200  3260 2260
201  6541 5541
202  6197 5197
203  7061 6061
207  9062 8062
208  8062 7062
211  7152 6152
212  1269 269
214  9160 8160
216  10747 9747
217  6249 5249
219  9187 8187
221  7174 6174
225  5519 4519
231  6551 5551
232  6525 5525
233  2128 1128
234  4987 3987
235  7812 6812
236  3660 2660
237  2753 1753
238  9149 8149
239  9544 8544
240  4764 3764
241  3684 2684
244  5905 4905
248  1384 384
251  6038 5038
254  5176 4176
256  1570 570
257  9648 8648
258  7891 6891
259  4896 3896
261  9658 8658
263  6306 5306
264  7646 6646
265  10806 9806
266  10229 9229
270  5723 4723
271  10354 9354
272  2771 1771
275  10174 9174
278  3253 2253
279  5126 4126
280  4262 3262
281  4603 3603
283  10665 9665
284  7861 6861
286  9127 8127
288  8131 7131
290  9460 8460
291  7677 6677
294  1296 296
295  5292 4292
296  1172 172
298  1158 158
301  8413 7413
302  10301 9301
303  10072 9072
304  1958 958
305  10321 9321
307  5981 4981
311  2507 1507
312  1819 819
315  2512 1512
317  8892 7892
318  9645 8645
321  5022 4022
322  4879 3879
324  6014 5014
326  1975 975
332  3511 2511
336  5579 4579
338  2496 1496
339  2662 1662
341  4017 3017
346  2547 1547
352  1269 269
357  7685 6685
358  8410 7410
359  7470 6470
360  9850 8850
361  5077 4077
362  10237 9237
363  1264 264
364  10552 9552
365  4624 3624
366  9117 8117
367  7961 6961
369  7055 6055
373  1880 880
376  9110 8110
377  7809 6809
378  5800 4800
379  6680 5680
381  9554 8554
382  5129 4129
383  7062 6062
384  9887 8887
385  1573 573
389  5037 4037
390  7035 6035
394  6108 5108
398  5426 4426
400  6104 5104
401  1568 568
405  7814 6814
409  7326 6326
410  9922 8922
412  4678 3678
413  9909 8909
419  10352 9352
420  6582 5582
421  4678 3678
422  3327 2327
423  9885 8885
426  5378 4378
436  4680 3680
443  7983 6983
444  2345 1345
446  7181 6181
447  9120 8120
451  2808 1808
452  8312 7312
453  4004 3004
454  2122 1122
455  3391 2391
456  7158 6158
458  3476 2476
460  7873 6873
461  2958 1958
463  7209 6209
466  7681 6681
467  8359 7359
470  9167 8167
474  4134 3134
475  1588 588
477  6719 5719
479  9323 8323
480  1151 151
481  3341 2341
485  10859 9859
489  5760 4760
491  8135 7135
492  9293 8293
495  10780 9780
497  2496 1496

