------------------------------------------------
Total value: 1588949
Total cost: 1330949

0  4701 3701
1  1001 1
2  7119 6119
3  2896 1896
5  8367 7367
6  1997 997
9  8613 7613
10  9347 8347
11  7874 6874
12  6522 5522
14  9730 8730
18  10232 9232
19  9463 8463
20  4554 3554
21  5589 4589
22  10675 9675
23  6325 5325
24  10970 9970
25  5000 4000
26  10407 9407
27  6776 5776
30  8331 7331
32  9361 8361
33  9305 8305
34  6798 5798
35  7047 6047
38  10439 9439
42  8650 7650
43  4211 3211
44  7010 6010
45  9100 8100
47  3627 2627
48  2725 1725
49  4760 3760
50  4843 3843
52  7137 6137
54  5977 4977
58  4099 3099
63  4530 3530
64  7097 6097
67  7248 6248
68  8226 7226
71  7031 6031
73  8613 7613
74  2348 1348
75  2881 1881
77  6367 5367
78  6178 5178
83  9157 8157
86  4391 3391
89  4472 3472
90  4636 3636
91  10722 9722
92  2087 1087
93  1775 775
95  3371 2371
96  6867 5867
97  2337 1337
100  2509 1509
103  6594 5594
105  8226 7226
106  9597 8597
113  8112 7112
116  1296 296
117  1392 392
118  6802 5802
119  6709 5709
120  4537 3537
124  3997 2997
125  1079 79
126  8642 7642
127  1922 922
129  9361 8361
130  8551 7551
131  4947 3947
133  9861 8861
137  4754 3754
140  3631 2631
141  5636 4636
142  6752 5752
143  10459 9459
145  1390 390
147  10141 9141
149  7111 6111
151  1588 588
152  10504 9504
153  9006 8006
154  7702 6702
158  4179 3179
160  2770 1770
161  1667 667
162  3095 2095
163  5829 4829
165  8487 7487
166  7885 6885
167  2590 1590
168  5239 4239
170  7037 6037
172  10898 9898
175  2056 1056
176  6261 5261
180  1046 46
182  7438 6438
184  3116 2116
187  8587 7587
190  7194 6194
191  7466 6466
192  3341 2341
194  4545 3545
195  1784 784
199  7223 6223
202  6197 5197
203  7061 6061
205  2416 1416
208  8062 7062
212  1269 269
213  7913 6913
216  10747 9747
217  6249 5249
219  9187 8187
220  2700 1700
221  7174 6174
222  1114 114
225  5519 4519
226  6905 5905
230  2369 1369
239  9544 8544
240  4764 3764
244  5905 4905
248  1384 384
250  7981 6981
256  1570 570
259  4896 3896
261  9658 8658
264  7646 6646
267  7800 6800
269  6612 5612
270  5723 4723
271  10354 9354
272  2771 1771
273  10300 9300
274  8329 7329
275  10174 9174
276  7279 6279
278  3253 2253
279  5126 4126
281  4603 3603
282  5802 4802
284  7861 6861
292  6290 5290
295  5292 4292
298  1158 158
300  5241 4241
301  8413 7413
303  10072 9072
305  10321 9321
308  8594 7594
309  4797 3797
310  8145 7145
315  2512 1512
317  8892 7892
320  4915 3915
323  9643 8643
328  7185 6185
334  1767 767
337  6694 5694
339  2662 1662
340  9119 8119
341  4017 3017
342  1829 829
343  6654 5654
346  2547 1547
348  5801 4801
349  10123 9123
350  10028 9028
352  1269 269
353  7554 6554
354  5113 4113
355  1421 421
357  7685 6685
358  8410 7410
359  7470 6470
361  5077 4077
362  10237 9237
365  4624 3624
369  7055 6055
370  3042 2042
371  6254 5254
373  1880 880
374  10710 9710
376  9110 8110
378  5800 4800
380  1618 618
384  9887 8887
386  2692 1692
387  4568 3568
388  2604 1604
391  10910 9910
392  10963 9963
394  6108 5108
395  6211 5211
396  5411 4411
398  5426 4426
399  10763 9763
400  6104 5104
401  1568 568
402  1208 208
403  10681 9681
407  3514 2514
409  7326 6326
410  9922 8922
411  5041 4041
412  4678 3678
413  9909 8909
414  2392 1392
416  10516 9516
419  10352 9352
423  9885 8885
426  5378 4378
427  8400 7400
430  4124 3124
431  10746 9746
432  8376 7376
435  3082 2082
440  4330 3330
441  8636 7636
442  8613 7613
444  2345 1345
446  7181 6181
449  10870 9870
450  5698 4698
452  8312 7312
454  2122 1122
458  3476 2476
460  7873 6873
462  2477 1477
465  4717 3717
471  3419 2419
473  3504 2504
475  1588 588
476  9198 8198
477  6719 5719
478  4219 3219
479  9323 8323
481  3341 2341
482  6717 5717
483  8965 7965
484  2181 1181
485  10859 9859
486  5039 4039
487  6456 5456
488  7191 6191
489  5760 4760
490  9652 8652
492  9293 8293
494  10090 9090
496  2319 1319
502  2011 1011

