------------------------------------------------
Total value: 75605
Total cost: 62405

0  670 570
1  101 1
3  996 896
4  287 187
6  1097 997
7  790 690
8  122 22
10  447 347
12  622 522
16  805 705
18  332 232
20  654 554
24  1070 970
25  1100 1000
26  507 407
30  431 331
31  456 356
33  405 305
35  147 47
36  527 427
37  745 645
38  539 439
43  311 211
44  110 10
45  200 100
46  938 838
47  727 627
49  860 760
51  876 776
52  237 137
54  1077 977
55  1037 937
56  818 718
57  201 101
58  199 99
59  381 281
64  197 97
66  1075 975
67  348 248
74  448 348
76  575 475
77  467 367
78  278 178
79  812 712
81  510 410
83  257 157
87  342 242
88  201 101
89  572 472
91  822 722
92  187 87
94  752 652
96  967 867
99  985 885
100  609 509
102  1089 989
107  326 226
108  613 513
110  301 201
111  637 537
112  327 227
113  212 112
114  182 82
115  1059 959
116  396 296
119  809 709
120  637 537
121  1040 940
122  1043 943
123  1043 943
124  1097 997
130  651 551
131  1047 947
134  500 400
141  736 636
142  852 752
143  559 459
146  642 542
149  211 111
150  650 550
153  106 6
155  255 155
156  120 20
157  823 723
158  279 179
160  870 770
162  195 95
170  137 37
172  998 898
177  1077 977
185  909 809
186  603 503
191  566 466
193  456 356
194  645 545
196  152 52
198  910 810
201  641 541
203  161 61
204  313 213
207  162 62
208  162 62
210  303 203
212  369 269
214  260 160
215  367 267
216  847 747
218  274 174
219  287 187
221  274 174
222  214 114
223  1039 939
226  1005 905
228  209 109
231  651 551
234  1087 987
235  912 812
236  760 660
237  853 753
238  249 149
240  864 764
241  784 684
244  1005 905
245  825 725
246  130 30
247  430 330
248  484 384
249  215 115
250  1081 981
251  138 38
253  545 445
255  719 619

