------------------------------------------------
Total value: 3065315
Total cost: 2545315

3  2896 1896
5  8367 7367
6  1997 997
7  8690 7690
10  9347 8347
12  6522 5522
13  9122 8122
17  10823 9823
18  10232 9232
20  4554 3554
24  10970 9970
27  6776 5776
28  5276 4276
31  8356 7356
35  7047 6047
36  1427 427
39  9139 8139
41  6247 5247
47  3627 2627
48  2725 1725
49  4760 3760
50  4843 3843
52  7137 6137
53  7475 6475
59  5281 4281
65  10240 9240
66  1975 975
67  7248 6248
68  8226 7226
71  7031 6031
72  6584 5584
74  2348 1348
77  6367 5367
78  6178 5178
79  9712 8712
80  2641 1641
82  7898 6898
85  5824 4824
86  4391 3391
88  7101 6101
89  4472 3472
90  4636 3636
91  10722 9722
92  2087 1087
93  1775 775
95  3371 2371
97  2337 1337
99  9885 8885
100  2509 1509
102  3989 2989
103  6594 5594
104  10129 9129
106  9597 8597
107  6226 5226
110  4201 3201
111  10537 9537
114  5082 4082
119  6709 5709
120  4537 3537
121  2940 1940
122  3943 2943
124  3997 2997
125  1079 79
126  8642 7642
127  1922 922
129  9361 8361
130  8551 7551
134  10400 9400
135  10937 9937
139  10872 9872
141  5636 4636
142  6752 5752
145  1390 390
146  2542 1542
148  10576 9576
149  7111 6111
150  7550 6550
151  1588 588
152  10504 9504
154  7702 6702
156  3020 2020
157  3723 2723
158  4179 3179
165  8487 7487
166  7885 6885
167  2590 1590
168  5239 4239
170  7037 6037
171  2823 1823
172  10898 9898
173  8173 7173
174  2923 1923
175  2056 1056
178  1786 786
179  10681 9681
181  7689 6689
183  7933 6933
184  3116 2116
186  7503 6503
187  8587 7587
188  4603 3603
190  7194 6194
191  7466 6466
192  3341 2341
193  9356 8356
195  1784 784
197  8862 7862
199  7223 6223
200  3260 2260
203  7061 6061
204  4213 3213
205  2416 1416
207  9062 8062
212  1269 269
213  7913 6913
214  9160 8160
216  10747 9747
218  1174 174
222  1114 114
223  5939 4939
224  10412 9412
225  5519 4519
226  6905 5905
227  1056 56
228  10109 9109
229  6381 5381
232  6525 5525
234  4987 3987
238  9149 8149
243  7830 6830
244  5905 4905
245  9725 8725
246  8030 7030
248  1384 384
249  3115 2115
251  6038 5038
252  6483 5483
253  5445 4445
254  5176 4176
255  2619 1619
256  1570 570
260  6446 5446
261  9658 8658
263  6306 5306
264  7646 6646
266  10229 9229
267  7800 6800
269  6612 5612
270  5723 4723
272  2771 1771
273  10300 9300
274  8329 7329
279  5126 4126
280  4262 3262
282  5802 4802
283  10665 9665
284  7861 6861
291  7677 6677
292  6290 5290
293  3863 2863
295  5292 4292
296  1172 172
299  8295 7295
300  5241 4241
302  10301 9301
304  1958 958
310  8145 7145
314  6672 5672
315  2512 1512
317  8892 7892
320  4915 3915
323  9643 8643
324  6014 5014
330  10466 9466
331  6243 5243
334  1767 767
337  6694 5694
339  2662 1662
340  9119 8119
341  4017 3017
342  1829 829
343  6654 5654
346  2547 1547
348  5801 4801
349  10123 9123
350  10028 9028
352  1269 269
353  7554 6554
354  5113 4113
355  1421 421
356  4293 3293
357  7685 6685
358  8410 7410
361  5077 4077
362  10237 9237
364  10552 9552
365  4624 3624
370  3042 2042
374  10710 9710
379  6680 5680
380  1618 618
381  9554 8554
382  5129 4129
383  7062 6062
385  1573 573
389  5037 4037
391  10910 9910
392  10963 9963
393  9632 8632
394  6108 5108
397  2067 1067
399  10763 9763
401  1568 568
402  1208 208
404  1542 542
407  3514 2514
408  1237 237
413  9909 8909
414  2392 1392
417  8059 7059
419  10352 9352
420  6582 5582
422  3327 2327
423  9885 8885
426  5378 4378
429  4411 3411
430  4124 3124
435  3082 2082
436  4680 3680
446  7181 6181
448  9576 8576
449  10870 9870
450  5698 4698
453  4004 3004
456  7158 6158
457  9810 8810
459  9819 8819
460  7873 6873
462  2477 1477
463  7209 6209
465  4717 3717
466  7681 6681
467  8359 7359
468  4003 3003
469  9895 8895
470  9167 8167
477  6719 5719
479  9323 8323
480  1151 151
483  8965 7965
484  2181 1181
486  5039 4039
488  7191 6191
489  5760 4760
492  9293 8293
493  1390 390
496  2319 1319
497  2496 1496
498  7516 6516
501  7906 6906
504  1526 526
505  5437 4437
507  10164 9164
509  2142 1142
511  3876 2876
512  4701 3701
517  4319 3319
520  3833 2833
527  4887 3887
528  2974 1974
530  9116 8116
532  9334 8334
536  9909 8909
537  8679 7679
538  8255 7255
539  6228 5228
541  10168 9168
542  1222 222
543  4654 3654
545  7048 6048
546  9100 8100
548  8611 7611
549  2260 1260
553  1450 450
556  8386 7386
557  1240 240
558  4791 3791
559  9375 8375
560  3850 2850
562  7635 6635
565  5969 4969
567  9215 8215
569  6435 5435
570  7791 6791
574  2185 1185
576  5582 4582
578  9002 8002
581  5901 4901
585  6494 5494
589  8602 7602
590  2927 1927
591  3494 2494
592  5559 4559
594  10711 9711
596  4271 3271
597  1628 628
598  2037 1037
606  3063 2063
612  10958 9958
613  7616 6616
620  1274 274
621  1514 514
622  6819 5819
623  1986 986
624  5353 4353
626  7932 6932
628  1446 446
631  7176 6176
632  6742 5742
633  5919 4919
634  5883 4883
635  3067 2067
636  1978 978
638  4290 3290
639  7556 6556
644  3713 2713
647  3517 2517
648  6479 5479
650  9049 8049
652  6088 5088
654  2182 1182
659  10319 9319
660  9950 8950
661  10560 9560
665  8696 7696
666  7184 6184
667  2258 1258
669  6250 5250
672  4009 3009
676  1992 992
678  8883 7883
683  7539 6539
686  5934 4934
690  1877 877
691  6598 5598
692  5532 4532
693  1696 696
694  8434 7434
695  4597 3597
697  7697 6697
702  10290 9290
703  4625 3625
704  5045 4045
705  4091 3091
706  7638 6638
717  8917 7917
719  2806 1806
720  8950 7950
721  6912 5912
726  5144 4144
728  2121 1121
729  3392 2392
730  2584 1584
731  1646 646
735  9005 8005
736  10788 9788
737  9989 8989
738  3906 2906
739  4228 3228
740  10352 9352
741  4131 3131
743  3699 2699
744  9588 8588
746  7951 6951
748  7599 6599
749  7621 6621
750  1752 752
751  3371 2371
753  9574 8574
754  8767 7767
756  9848 8848
757  10674 9674
761  1352 352
762  10612 9612
764  3858 2858
765  2176 1176
766  1929 929
767  10935 9935
771  1167 167
772  5593 4593
775  3457 2457
777  1478 478
778  3806 2806
782  6179 5179
784  6428 5428
787  1866 866
788  4030 3030
789  8123 7123
790  6206 5206
793  1070 70
798  3446 2446
799  6163 5163
801  4119 3119
805  6074 5074
806  9383 8383
811  1741 741
813  4541 3541
814  1458 458
815  7152 6152
819  4131 3131
820  7370 6370
822  4918 3918
823  4574 3574
824  6955 5955
826  4416 3416
827  5275 4275
833  7320 6320
837  8699 7699
840  3017 2017
841  2458 1458
842  6884 5884
843  10323 9323
845  2286 1286
846  3560 2560
848  3141 2141
849  2907 1907
852  8528 7528
853  5185 4185
854  6775 5775
856  9898 8898
857  1794 794
859  9524 8524
860  4433 3433
863  5841 4841
864  1888 888
866  2740 1740
867  8427 7427
871  9396 8396
872  9042 8042
873  4025 3025
874  3684 2684
875  7547 6547
879  1590 590
880  9904 8904
882  8199 7199
883  2506 1506
884  9763 8763
885  6615 5615
886  3253 2253
887  9065 8065
889  4920 3920
891  10968 9968
894  4877 3877
895  6828 5828
896  1834 834
898  9204 8204
899  2145 1145
901  10491 9491
903  4263 3263
905  3723 2723
906  7623 6623
907  1993 993
908  7680 6680
909  7935 6935
911  10859 9859
912  1987 987
916  9688 8688
917  9156 8156
918  6228 5228
919  7364 6364
920  4246 3246
923  10380 9380
925  7080 6080
927  1017 17
929  6984 5984
933  4675 3675
935  1336 336
937  10244 9244
942  6226 5226
943  7052 6052
945  8487 7487
946  8037 7037
947  5355 4355
949  5547 4547
951  5736 4736
952  2572 1572
953  2256 1256
955  1108 108
957  2153 1153
958  1962 962
961  3786 2786
962  2555 1555
963  1654 654
965  10975 9975
967  2972 1972
970  2424 1424
974  7536 6536
975  1469 469
976  3749 2749
979  10770 9770
980  10949 9949
981  2162 1162
982  7731 6731
985  7754 6754
989  10223 9223
990  2389 1389
991  1928 928
995  8637 7637
996  4924 3924
999  1208 208
1001  2078 1078
1002  1357 357
1004  10196 9196
1006  4729 3729
1010  1556 556
1012  4807 3807
1015  5245 4245
1018  8514 7514
1020  4573 3573
1022  4381 3381

