------------------------------------------------
Total value: 19874
Total cost: 15574

0  197 97
1  101 1
2  219 119
4  287 187
5  467 367
7  790 690
8  122 22
9  713 613
10  447 347
12  622 522
19  563 463
20  654 554
21  689 589
22  775 675
26  507 407
28  376 276
29  223 123
30  431 331
31  456 356
32  461 361
33  405 305
35  147 47
36  527 427
37  745 645
38  539 439
39  239 139
40  191 91
41  347 247
43  311 211
44  110 10
45  200 100
47  727 627
48  825 725
49  860 760
52  237 137
53  575 475
56  818 718
57  201 101
58  199 99
59  381 281
60  709 609
61  851 751
63  630 530

