------------------------------------------------
Total value: 3210515
Total cost: 2581515

0  8730 7730
1  1001 1
2  7119 6119
3  2896 1896
4  8187 7187
5  8367 7367
6  1997 997
7  8690 7690
8  2022 1022
9  8613 7613
11  7874 6874
12  6522 5522
13  9122 8122
15  4486 3486
16  1705 705
20  4554 3554
23  6325 5325
25  5000 4000
27  6776 5776
28  5276 4276
31  8356 7356
34  6798 5798
41  6247 5247
42  8650 7650
47  3627 2627
48  2725 1725
51  5776 4776
52  7137 6137
55  1937 937
56  8718 7718
57  3101 2101
58  4099 3099
63  4530 3530
64  7097 6097
69  4768 3768
70  3241 2241
83  9157 8157
85  5824 4824
86  4391 3391
95  3371 2371
96  6867 5867
97  2337 1337
98  3054 2054
103  6594 5594
105  8226 7226
112  2227 1227
113  8112 7112
114  5082 4082
115  3959 2959
116  1296 296
117  1392 392
118  6802 5802
127  1922 922
128  9205 8205
130  8551 7551
136  2250 1250
140  3631 2631
141  5636 4636
142  6752 5752
167  2590 1590
168  5239 4239
171  2823 1823
173  8173 7173
174  2923 1923
180  1046 46
191  7466 6466
192  3341 2341
194  4545 3545
195  1784 784
196  9052 8052
197  8862 7862
198  3810 2810
207  9062 8062
208  8062 7062
211  7152 6152
212  1269 269
225  5519 4519
226  6905 5905
227  1056 56
229  6381 5381
230  2369 1369
231  6551 5551
232  6525 5525
233  2128 1128
234  4987 3987
235  7812 6812
236  3660 2660
237  2753 1753
238  9149 8149
255  2619 1619
256  1570 570
258  7891 6891
262  5567 4567
281  4603 3603
282  5802 4802
284  7861 6861
285  6209 5209
286  9127 8127
298  1158 158
335  1326 326
336  5579 4579
337  6694 5694
338  2496 1496
342  1829 829
343  6654 5654
344  4858 3858
348  5801 4801
383  7062 6062
385  1573 573
386  2692 1692
389  5037 4037
390  7035 6035
394  6108 5108
395  6211 5211
396  5411 4411
397  2067 1067
398  5426 4426
401  1568 568
402  1208 208
404  1542 542
405  7814 6814
406  4248 3248
407  3514 2514
408  1237 237
409  7326 6326
411  5041 4041
412  4678 3678
414  2392 1392
415  6192 5192
417  8059 7059
418  8422 7422
420  6582 5582
421  4678 3678
422  3327 2327
424  2097 1097
425  6596 5596
426  5378 4378
429  4411 3411
430  4124 3124
432  8376 7376
433  3535 2535
434  4167 3167
435  3082 2082
436  4680 3680
437  8399 7399
438  7679 6679
439  4412 3412
440  4330 3330
441  8636 7636
442  8613 7613
443  7983 6983
444  2345 1345
445  8360 7360
446  7181 6181
447  9120 8120
450  5698 4698
451  2808 1808
452  8312 7312
453  4004 3004
454  2122 1122
455  3391 2391
456  7158 6158
458  3476 2476
460  7873 6873
461  2958 1958
462  2477 1477
463  7209 6209
464  6857 5857
465  4717 3717
466  7681 6681
467  8359 7359
468  4003 3003
470  9167 8167
471  3419 2419
473  3504 2504
474  4134 3134
475  1588 588
476  9198 8198
477  6719 5719
478  4219 3219
480  1151 151
481  3341 2341
482  6717 5717
483  8965 7965
484  2181 1181
486  5039 4039
487  6456 5456
488  7191 6191
489  5760 4760
491  8135 7135
493  1390 390
496  2319 1319
497  2496 1496
498  7516 6516
499  6001 5001
500  4156 3156
501  7906 6906
502  2011 1011
503  8171 7171
504  1526 526
505  5437 4437
506  1335 335
508  8074 7074
509  2142 1142
510  6968 5968
511  3876 2876
512  4701 3701
513  3265 2265
514  4409 3409
519  8780 7780
520  3833 2833
521  7041 6041
522  7512 6512
523  3033 2033
524  8977 7977
525  2720 1720
526  1782 782
527  4887 3887
528  2974 1974
529  8907 7907
530  9116 8116
531  1551 551
533  3732 2732
537  8679 7679
538  8255 7255
539  6228 5228
542  1222 222
543  4654 3654
544  4150 3150
545  7048 6048
546  9100 8100
548  8611 7611
551  8112 7112
552  6766 5766
553  1450 450
554  4771 3771
555  5925 4925
556  8386 7386
557  1240 240
558  4791 3791
560  3850 2850
562  7635 6635
563  3299 2299
564  7317 6317
565  5969 4969
566  7050 6050
568  6426 5426
569  6435 5435
570  7791 6791
571  4648 3648
572  7093 6093
573  6515 5515
574  2185 1185
575  4351 3351
576  5582 4582
577  6582 5582
578  9002 8002
579  4032 3032
580  8411 7411
581  5901 4901
583  4902 3902
584  6188 5188
585  6494 5494
586  5962 4962
587  8766 7766
588  5620 4620
589  8602 7602
590  2927 1927
591  3494 2494
592  5559 4559
593  7147 6147
595  2418 1418
596  4271 3271
597  1628 628
598  2037 1037
600  3497 2497
602  6892 5892
603  2340 1340
604  7676 6676
606  3063 2063
607  8315 7315
608  9017 8017
609  8109 7109
610  1781 781
611  6343 5343
613  7616 6616
614  1985 985
615  4532 3532
616  7509 6509
618  2608 1608
620  1274 274
621  1514 514
622  6819 5819
623  1986 986
624  5353 4353
625  4888 3888
626  7932 6932
627  5759 4759
628  1446 446
629  3323 2323
630  3981 2981
631  7176 6176
632  6742 5742
633  5919 4919
635  3067 2067
636  1978 978
637  2503 1503
638  4290 3290
639  7556 6556
640  3260 2260
641  5716 4716
642  9155 8155
643  3319 2319
644  3713 2713
645  7471 6471
646  5080 4080
647  3517 2517
648  6479 5479
649  6105 5105
650  9049 8049
651  6153 5153
652  6088 5088
653  6140 5140
654  2182 1182
655  6886 5886
656  8645 7645
657  3692 2692
658  7764 6764
662  2421 1421
664  7141 6141
665  8696 7696
666  7184 6184
667  2258 1258
668  3698 2698
669  6250 5250
670  8879 7879
671  6639 5639
672  4009 3009
674  7015 6015
675  4132 3132
676  1992 992
677  3856 2856
678  8883 7883
681  8503 7503
682  2089 1089
683  7539 6539
684  4916 3916
685  6819 5819
686  5934 4934
687  5126 4126
688  6333 5333
689  6430 5430
690  1877 877
691  6598 5598
692  5532 4532
693  1696 696
694  8434 7434
697  7697 6697
698  8637 7637
699  7052 6052
700  2649 1649
703  4625 3625
704  5045 4045
705  4091 3091
706  7638 6638
707  8546 7546
708  6406 5406
710  4324 3324
712  2146 1146
713  5089 4089
714  8181 7181
715  6283 5283
716  4367 3367
717  8917 7917
718  7501 6501
719  2806 1806
720  8950 7950
721  6912 5912
722  8802 7802
723  5511 4511
724  6963 5963
725  7168 6168
726  5144 4144
728  2121 1121
729  3392 2392
730  2584 1584
731  1646 646
732  6418 5418
733  4114 3114
735  9005 8005
738  3906 2906
739  4228 3228
741  4131 3131
742  7279 6279
743  3699 2699
745  5386 4386
746  7951 6951
747  2229 1229
748  7599 6599
749  7621 6621
750  1752 752
751  3371 2371
752  6740 5740
754  8767 7767
755  1495 495
758  2475 1475
759  7255 6255
761  1352 352
763  2588 1588
764  3858 2858
765  2176 1176
766  1929 929
768  7467 6467
769  3325 2325
770  1025 25
771  1167 167
772  5593 4593
775  3457 2457
776  7557 6557
777  1478 478
778  3806 2806
779  7892 6892
780  2776 1776
781  1942 942
782  6179 5179
783  7991 6991
784  6428 5428
785  1988 988
786  5857 4857
787  1866 866
788  4030 3030
789  8123 7123
790  6206 5206
791  2086 1086
792  5189 4189
793  1070 70
794  4741 3741
796  3037 2037
798  3446 2446
799  6163 5163
800  2828 1828
801  4119 3119
802  1063 63
803  6774 5774
804  4246 3246
805  6074 5074
808  7115 6115
809  1386 386
810  2163 1163
811  1741 741
812  7853 6853
813  4541 3541
814  1458 458
815  7152 6152
816  2160 1160
818  3227 2227
819  4131 3131
820  7370 6370
821  8047 7047
822  4918 3918
823  4574 3574
824  6955 5955
826  4416 3416
827  5275 4275
828  7366 6366
829  2787 1787
830  9176 8176
831  2661 1661
832  4588 3588
833  7320 6320
834  1462 462
835  2815 1815
836  1562 562
837  8699 7699
838  5643 4643
839  1709 709
840  3017 2017
841  2458 1458
842  6884 5884
844  7155 6155
845  2286 1286
846  3560 2560
848  3141 2141
849  2907 1907
850  1185 185
851  8743 7743
852  8528 7528
853  5185 4185
854  6775 5775
855  5843 4843
857  1794 794
860  4433 3433
861  5233 4233
862  4916 3916
863  5841 4841
864  1888 888
865  1491 491
866  2740 1740
867  8427 7427
868  2410 1410
870  3482 2482
872  9042 8042
873  4025 3025
874  3684 2684
875  7547 6547
876  7917 6917
877  2638 1638
878  1130 130
879  1590 590
881  2090 1090
882  8199 7199
883  2506 1506
885  6615 5615
886  3253 2253
887  9065 8065
889  4920 3920
890  7185 6185
892  6659 5659
893  2839 1839
894  4877 3877
895  6828 5828
896  1834 834
897  1052 52
898  9204 8204
899  2145 1145
900  2201 1201
902  5416 4416
903  4263 3263
904  6572 5572
905  3723 2723
906  7623 6623
907  1993 993
908  7680 6680
909  7935 6935
910  5228 4228
912  1987 987
913  5218 4218
914  7602 6602
915  5535 4535
917  9156 8156
918  6228 5228
919  7364 6364
920  4246 3246
922  3935 2935
924  5472 4472
925  7080 6080
927  1017 17
928  7295 6295
929  6984 5984
930  7914 6914
931  7427 6427
933  4675 3675
935  1336 336
936  8106 7106
938  2530 1530
939  8672 7672
940  3535 2535
941  6582 5582
942  6226 5226
943  7052 6052
944  6836 5836
945  8487 7487
946  8037 7037
947  5355 4355
948  8738 7738
949  5547 4547
950  5783 4783
951  5736 4736
952  2572 1572
953  2256 1256
954  6087 5087
955  1108 108
956  8251 7251
957  2153 1153
958  1962 962
960  8836 7836
961  3786 2786
962  2555 1555
963  1654 654
964  6678 5678
966  7904 6904
967  2972 1972
968  3904 2904
969  2585 1585
970  2424 1424
971  4229 3229
972  5871 4871
973  5654 4654
974  7536 6536
975  1469 469
976  3749 2749
977  7020 6020
978  2436 1436
981  2162 1162
982  7731 6731
983  4090 3090
984  6539 5539
985  7754 6754
986  6300 5300
987  3267 2267
988  4329 3329
990  2389 1389
991  1928 928
992  1547 547
993  3015 2015
994  5546 4546
995  8637 7637
996  4924 3924
997  7493 6493
999  1208 208
1001  2078 1078
1002  1357 357
1005  1349 349
1006  4729 3729
1007  5219 4219
1008  4588 3588
1010  1556 556
1011  7591 6591
1012  4807 3807
1014  6316 5316
1015  5245 4245
1016  8168 7168
1017  2382 1382
1018  8514 7514
1019  1534 534
1020  4573 3573
1021  6108 5108
1022  4381 3381
1023  6852 5852

