------------------------------------------------
Total value: 78888
Total cost: 62388

0  670 570
1  101 1
2  219 119
4  287 187
5  467 367
8  122 22
9  713 613
10  447 347
12  622 522
19  563 463
20  654 554
21  689 589
22  775 675
26  507 407
35  147 47
39  239 139
40  191 91
41  347 247
42  750 650
43  311 211
44  110 10
45  200 100
53  575 475
71  131 31
79  812 712
80  741 641
81  510 410
83  257 157
84  350 250
86  491 391
87  342 242
88  201 101
89  572 472
90  736 636
91  822 722
92  187 87
94  752 652
97  437 337
98  154 54
100  609 509
101  304 204
103  694 594
104  229 129
105  326 226
106  697 597
107  326 226
108  613 513
110  301 201
111  637 537
112  327 227
113  212 112
114  182 82
116  396 296
117  492 392
118  902 802
119  809 709
120  637 537
125  179 79
126  742 642
128  305 205
129  461 361
130  651 551
134  500 400
136  350 250
137  854 754
138  686 586
140  731 631
141  736 636
142  852 752
143  559 459
144  610 510
145  490 390
146  642 542
147  241 141
148  676 576
149  211 111
150  650 550
151  688 588
152  604 504
153  106 6
154  802 702
155  255 155
156  120 20
157  823 723
158  279 179
159  823 723
160  870 770
161  767 667
162  195 95
164  698 598
165  587 487
167  690 590
168  339 239
169  470 370
170  137 37
173  273 173
175  156 56
176  361 261
178  886 786
179  781 681
180  146 46
181  789 689
182  538 438
184  216 116
185  909 809
186  603 503
187  687 587
188  703 603
189  786 686
190  294 194
191  566 466
192  441 341
193  456 356
194  645 545
195  884 784
196  152 52
199  323 223
200  360 260
201  641 541
202  297 197
203  161 61
204  313 213
205  516 416
206  562 462
207  162 62
208  162 62
209  305 205
210  303 203
211  252 152
212  369 269
214  260 160
215  367 267
216  847 747
217  349 249
218  274 174
219  287 187
220  800 700
221  274 174
222  214 114
224  512 412
225  619 519
227  156 56
228  209 109
229  481 381
230  469 369
231  651 551
232  625 525
233  228 128
236  760 660
237  853 753
238  249 149
239  644 544
240  864 764
241  784 684
242  496 396
245  825 725
246  130 30
247  430 330
248  484 384
249  215 115
251  138 38
252  583 483
253  545 445
254  276 176
255  719 619

