------------------------------------------------
Total value: 40016
Total cost: 31516

0  305 205
1  101 1
2  219 119
4  287 187
5  467 367
8  122 22
9  713 613
10  447 347
12  622 522
19  563 463
20  654 554
21  689 589
22  775 675
26  507 407
29  223 123
35  147 47
39  239 139
40  191 91
41  347 247
42  750 650
43  311 211
44  110 10
45  200 100
47  727 627
48  825 725
49  860 760
51  876 776
52  237 137
53  575 475
56  818 718
57  201 101
58  199 99
59  381 281
60  709 609
61  851 751
63  630 530
64  197 97
65  340 240
67  348 248
68  326 226
69  868 768
70  341 241
71  131 31
72  684 584
73  713 613
74  448 348
76  575 475
77  467 367
78  278 178
79  812 712
80  741 641
81  510 410
83  257 157
84  350 250
86  491 391
87  342 242
88  201 101
89  572 472
90  736 636
91  822 722
92  187 87
93  875 775
94  752 652
95  471 371
97  437 337
98  154 54
100  609 509
101  304 204
103  694 594
104  229 129
105  326 226
106  697 597
107  326 226
108  613 513
110  301 201
111  637 537
112  327 227
113  212 112
114  182 82
116  396 296
117  492 392
119  809 709
120  637 537
125  179 79
126  742 642

